<?xml version="1.0" encoding="UTF-8"?>
<testsuites>
  <testsuite id="0" name="C:\Users\MACampo\Documents\Cosas\muxocode\template\typescript-libary\src\__tests__\helpers\ArrayExtension.test.ts" errors="0" package="C:\Users\MACampo\Documents\Cosas\muxocode\template\typescript-libary\src\__tests__\helpers\ArrayExtension.test.ts" hostname="localhost" tests="2" failures="0" time="1.174" timestamp="2020-02-20T08:47:46">
    <properties>
    </properties>
    <testcase classname="mapGroup" name="mapGroup list" time="0">
    </testcase>
    <testcase classname="mapGroup" name="mapGroup empty" time="0">
    </testcase>
    <system-out/>
    <system-err/>
  </testsuite>
</testsuites>